============================= test session starts =============================
platform win32 -- Python 3.14.6, pytest-9.1.1, pluggy-1.6.0 -- C:\Users\pondh\Downloads\ai prpject\.venv\Scripts\python.exe
cachedir: .pytest_cache
rootdir: C:\Users\pondh\Downloads\REFACTOR-GAURD
plugins: anyio-4.15.1
collecting ... collected 75 items

tests/test_refactor_guard.py::TestScanRepo::test_finds_definition_in_mathutils PASSED [  1%]
tests/test_refactor_guard.py::TestScanRepo::test_finds_static_import_in_reporter PASSED [  2%]
tests/test_refactor_guard.py::TestScanRepo::test_identifies_dynamic_risk PASSED [  4%]
tests/test_refactor_guard.py::TestScanRepo::test_dynamic_caller_not_in_static PASSED [  5%]
tests/test_refactor_guard.py::TestScanRepo::test_build_report_no_dynamic_risk PASSED [  6%]
tests/test_refactor_guard.py::TestScanRepo::test_symbol_not_found PASSED [  8%]
tests/test_refactor_guard.py::TestScanRepo::test_word_boundary_at_ast_level PASSED [  9%]
tests/test_refactor_guard.py::TestScanRepo::test_async_def_detected PASSED [ 10%]
tests/test_refactor_guard.py::TestScanRepo::test_class_def_detected PASSED [ 12%]
tests/test_refactor_guard.py::TestRenameInFile::test_basic_rename PASSED [ 13%]
tests/test_refactor_guard.py::TestRenameInFile::test_word_boundary_skips_subtotal PASSED [ 14%]
tests/test_refactor_guard.py::TestRenameInFile::test_word_boundary_skips_total_count PASSED [ 16%]
tests/test_refactor_guard.py::TestRenameInFile::test_import_rename PASSED [ 17%]
tests/test_refactor_guard.py::TestRenameInFile::test_no_match_returns_zero PASSED [ 18%]
tests/test_refactor_guard.py::TestRenameInFile::test_multiline_replacements PASSED [ 20%]
tests/test_refactor_guard.py::TestRenameInFiles::test_renames_in_multiple_files PASSED [ 21%]
tests/test_refactor_guard.py::TestRenameInFiles::test_nonexistent_file_skipped PASSED [ 22%]
tests/test_refactor_guard.py::TestSnapshot::test_roundtrip PASSED        [ 24%]
tests/test_refactor_guard.py::TestBuildCommand::test_pytest_uses_current_python PASSED [ 25%]
tests/test_refactor_guard.py::TestBuildCommand::test_non_pytest_passthrough PASSED [ 26%]
tests/test_refactor_guard.py::TestFindMissingSymbols::test_name_error PASSED [ 28%]
tests/test_refactor_guard.py::TestFindMissingSymbols::test_attribute_error PASSED [ 29%]
tests/test_refactor_guard.py::TestFindMissingSymbols::test_import_error PASSED [ 30%]
tests/test_refactor_guard.py::TestFindMissingSymbols::test_no_match PASSED [ 32%]
tests/test_refactor_guard.py::TestDiagnoseFailures::test_blames_dynamic_file PASSED [ 33%]
tests/test_refactor_guard.py::TestDiagnoseFailures::test_no_dynamic_files PASSED [ 34%]
tests/test_refactor_guard.py::TestDiagnoseFailures::test_python_dynamic_file_uses_python_example PASSED [ 36%]
tests/test_refactor_guard.py::TestDiagnoseFailures::test_js_dynamic_file_uses_js_example PASSED [ 37%]
tests/test_refactor_guard.py::TestDiagnoseFailures::test_mixed_languages_show_both_examples PASSED [ 38%]
tests/test_refactor_guard.py::TestDiagnoseFailures::test_duplicate_failures_are_deduplicated PASSED [ 40%]
tests/test_refactor_guard.py::TestSampleRepoIntegration::test_full_scan_compute_total PASSED [ 41%]
tests/test_refactor_guard.py::TestSampleRepoIntegration::test_full_scan_build_report PASSED [ 42%]
tests/test_refactor_guard.py::TestSampleRepoIntegration::test_decorator_detected PASSED [ 44%]
tests/test_refactor_guard.py::TestJsScanning::test_js_static_and_dynamic PASSED [ 45%]
tests/test_refactor_guard.py::TestJsScanning::test_js_member_access_is_static PASSED [ 46%]
tests/test_refactor_guard.py::TestJsScanning::test_js_shorthand_export_is_static PASSED [ 48%]
tests/test_refactor_guard.py::TestJsScanning::test_ts_extension_scans_like_js PASSED [ 49%]
tests/test_refactor_guard.py::TestJsScanning::test_symbol_not_found_in_js PASSED [ 50%]
tests/test_refactor_guard.py::TestScanSource::test_python_static PASSED  [ 52%]
tests/test_refactor_guard.py::TestScanSource::test_python_dynamic PASSED [ 53%]
tests/test_refactor_guard.py::TestScanSource::test_js_static PASSED      [ 54%]
tests/test_refactor_guard.py::TestScanSource::test_js_dynamic PASSED     [ 56%]
tests/test_refactor_guard.py::TestScanSource::test_no_match PASSED       [ 57%]
tests/test_refactor_guard.py::TestScanSource::test_unsupported_extension_raises PASSED [ 58%]
tests/test_refactor_guard.py::TestSampleRepoJsIntegration::test_full_scan_compute_total PASSED [ 60%]
tests/test_refactor_guard.py::TestSampleRepoJsIntegration::test_build_report_no_dynamic_risk PASSED [ 61%]
tests/test_refactor_guard.py::TestExtractFunction::test_analyze_derives_params_and_returns PASSED [ 62%]
tests/test_refactor_guard.py::TestExtractFunction::test_apply_extraction_shape PASSED [ 64%]
tests/test_refactor_guard.py::TestExtractFunction::test_extract_into_file_tests_still_pass PASSED [ 65%]
tests/test_refactor_guard.py::TestExtractFunction::test_bad_range_returns_none PASSED [ 66%]
tests/test_refactor_guard.py::TestExtractFunction::test_invalid_function_name_raises PASSED [ 68%]
tests/test_refactor_guard.py::TestMoveSymbol::test_move_build_report_and_tests_pass PASSED [ 69%]
tests/test_refactor_guard.py::TestMoveSymbol::test_find_top_level_definition PASSED [ 70%]
tests/test_refactor_guard.py::TestMoveSymbol::test_dotted_module PASSED  [ 72%]
tests/test_refactor_guard.py::TestMoveSymbol::test_move_missing_symbol_raises PASSED [ 73%]
tests/test_refactor_guard.py::TestMoveSymbol::test_move_missing_source_raises PASSED [ 74%]
tests/test_refactor_guard.py::TestJsMissingSymbols::test_js_type_error PASSED [ 76%]
tests/test_refactor_guard.py::TestJsMissingSymbols::test_js_reference_error PASSED [ 77%]
tests/test_refactor_guard.py::TestJsMissingSymbols::test_js_bracket_notation_type_error PASSED [ 78%]
tests/test_refactor_guard.py::TestJsMissingSymbols::test_js_single_quote_bracket_type_error PASSED [ 80%]
tests/test_refactor_guard.py::TestJsMissingSymbols::test_js_read_property_error PASSED [ 81%]
tests/test_refactor_guard.py::TestJsMissingSymbols::test_js_read_property_error_singular PASSED [ 82%]
tests/test_refactor_guard.py::TestJsMissingSymbols::test_js_ansi_colored_type_error PASSED [ 84%]
tests/test_refactor_guard.py::TestJsMissingSymbols::test_js_diagnosis_fallback_via_stack_trace PASSED [ 85%]
tests/test_refactor_guard.py::TestJsMissingSymbols::test_js_diagnosis_fallback_via_stack_trace_backslash PASSED [ 86%]
tests/test_refactor_guard.py::TestJsMissingSymbols::test_js_diagnosis_fallback_no_match_generic PASSED [ 88%]
tests/test_refactor_guard.py::TestBlastRadius::test_python_chain_abc PASSED [ 89%]
tests/test_refactor_guard.py::TestBlastRadius::test_python_chain_excludes_unrelated_file PASSED [ 90%]
tests/test_refactor_guard.py::TestBlastRadius::test_js_chain_require PASSED [ 92%]
tests/test_refactor_guard.py::TestBlastRadius::test_blast_radius_missing_symbol PASSED [ 93%]
tests/test_refactor_guard.py::TestSelfHeal::test_skips_diagnosis_without_api_key PASSED [ 94%]
tests/test_refactor_guard.py::TestSelfHeal::test_request_ai_diagnosis_uses_gemini_models PASSED [ 96%]
tests/test_refactor_guard.py::TestSelfHeal::test_verify_step_rolls_back_without_api_key PASSED [ 97%]
tests/test_refactor_guard.py::TestSelfHeal::test_verify_step_keeps_change_on_retry PASSED [ 98%]
tests/test_refactor_guard.py::TestSelfHeal::test_verify_step_rolls_back_when_retry_fails PASSED [100%]

============================= 75 passed in 7.54s ==============================
